SF:lib\core\error\failure.dart
DA:6,6
DA:10,2
DA:11,4
DA:15,0
DA:22,6
DA:29,0
LF:6
LH:4
end_of_record
SF:lib\features\exam seat\Presentation\exam_seat_bloc.dart
DA:128,1
DA:132,2
DA:133,2
DA:134,2
DA:135,2
DA:139,1
DA:141,2
DA:142,2
DA:143,1
DA:144,4
DA:145,3
DA:152,1
DA:154,2
DA:155,1
DA:156,2
DA:158,3
DA:159,1
DA:160,4
DA:161,1
DA:162,3
DA:163,3
DA:166,1
DA:167,2
DA:169,1
DA:176,1
DA:178,2
DA:179,1
DA:180,2
DA:182,3
DA:183,1
DA:184,4
DA:185,1
DA:186,3
DA:187,3
DA:190,1
DA:191,2
DA:193,1
DA:194,0
LF:38
LH:37
end_of_record
SF:lib\features\exam seat\Presentation\exam_seat_event.dart
DA:5,2
DA:7,0
DA:8,0
DA:18,1
DA:20,0
DA:21,0
DA:28,1
DA:30,0
DA:31,0
LF:9
LH:3
end_of_record
SF:lib\features\exam seat\Presentation\exam_seat_state.dart
DA:5,1
DA:7,1
DA:8,1
DA:19,1
DA:21,1
DA:22,3
DA:28,1
DA:30,1
DA:31,2
LF:9
LH:9
end_of_record
SF:lib\features\exam seat\domain\entity\exam_seat_entity.dart
DA:8,3
DA:14,1
DA:15,4
DA:18,0
DA:19,0
DA:20,0
DA:21,0
DA:22,0
LF:8
LH:3
end_of_record
SF:lib\features\exam seat\domain\use _case\book_seat.dart
DA:12,1
DA:14,1
DA:16,2
DA:22,0
LF:4
LH:3
end_of_record
SF:lib\features\exam seat\domain\use _case\get_all_seat.dart
DA:10,1
DA:12,1
DA:14,2
LF:3
LH:3
end_of_record
SF:lib\features\exam seat\domain\use _case\unbook_seat.dart
DA:9,0
DA:11,0
DA:12,0
LF:3
LH:0
end_of_record
SF:lib\features\auth\domain\use_case\upload_image_usecase.dart
DA:10,1
DA:18,1
DA:19,1
DA:20,3
LF:4
LH:4
end_of_record
SF:lib\features\auth\domain\entity\auth_entity
DA:129,0
DA:141,0
DA:142,0
DA:143,0
DA:144,0
DA:145,0
DA:146,0
DA:147,0
DA:148,0
DA:149,0
DA:150,0
DA:155,0
DA:165,0
DA:166,0
DA:167,0
DA:168,0
DA:169,0
DA:170,0
DA:171,0
DA:172,0
DA:173,0
DA:178,0
DA:188,0
DA:189,0
DA:190,0
DA:191,0
DA:192,0
DA:193,0
DA:194,0
DA:195,0
DA:196,0
DA:197,0
LF:32
LH:0
end_of_record
SF:lib\features\notice\domain\use _case\get_all_notice_usecase.dart
DA:9,1
DA:11,1
DA:12,2
LF:3
LH:3
end_of_record
SF:lib\features\notice\Presentation\view_models\notice_bloc.dart
DA:8,1
DA:9,0
DA:10,0
DA:22,4
DA:29,1
DA:30,5
DA:35,3
DA:40,3
DA:45,1
DA:46,1
DA:51,2
DA:52,1
DA:59,1
DA:60,1
DA:61,2
DA:62,1
DA:64,2
DA:66,1
DA:67,1
DA:68,1
DA:69,2
DA:70,2
DA:72,1
DA:73,2
DA:74,2
LF:25
LH:23
end_of_record
SF:lib\features\notice\domain\entity\notice_entity.dart
DA:10,2
DA:15,1
DA:16,1
DA:17,1
DA:18,1
LF:5
LH:5
end_of_record
